#-----------------------------------------------------------
# Vivado v2017.4 (64-bit)
# SW Build 2086221 on Fri Dec 15 20:54:30 MST 2017
# IP Build 2085800 on Fri Dec 15 22:25:07 MST 2017
# Start of session at: Sun Apr  7 12:34:53 2019
# Process ID: 1928
# Current directory: /home/sky/Documents/MATLAB/Low_density_parity_code/codegen/ldpcenc/hdlsrc/vivado_prj
# Command line: vivado -mode batch -source ldpcenc_fixpt_Xilinx_Vivado_run.tcl
# Log file: /home/sky/Documents/MATLAB/Low_density_parity_code/codegen/ldpcenc/hdlsrc/vivado_prj/vivado.log
# Journal file: /home/sky/Documents/MATLAB/Low_density_parity_code/codegen/ldpcenc/hdlsrc/vivado_prj/vivado.jou
#-----------------------------------------------------------
source ldpcenc_fixpt_Xilinx_Vivado_run.tcl
# set myTool "Xilinx Vivado 2017.4"
# set myProject "ldpcenc_fixpt_vivado"
# set myProjectFile "ldpcenc_fixpt_vivado.xpr"
# set myTopLevelEntity "ldpcenc_fixpt"
# set Family "Artix7"
# set Device "xc7a200tl"
# set Package "fbg676"
# set Speed "-2L"
# set MapTimePathNumber "3"
# set MapTimeAdvAnalysis "True"
# set PARTimePathNumber "3"
# set PARTimeAdvAnalysis "True"
# puts "### Open existing $myTool project \/home\/sky\/Documents\/MATLAB\/Low_density_parity_code\/codegen\/ldpcenc\/hdlsrc\/vivado_prj\/ldpcenc_fixpt_vivado.xpr"
### Open existing Xilinx Vivado 2017.4 project /home/sky/Documents/MATLAB/Low_density_parity_code/codegen/ldpcenc/hdlsrc/vivado_prj/ldpcenc_fixpt_vivado.xpr
# open_project ${myProject}
Scanning sources...
Finished scanning sources
# puts "### Running Synthesis in $myTool ..."
### Running Synthesis in Xilinx Vivado 2017.4 ...
# if { [llength [get_runs synth_1] ] > 0 } { reset_run synth_1}
# launch_runs synth_1 -force
[Sun Apr  7 12:35:01 2019] Launched synth_1...
Run output will be captured here: /home/sky/Documents/MATLAB/Low_density_parity_code/codegen/ldpcenc/hdlsrc/vivado_prj/ldpcenc_fixpt_vivado.runs/synth_1/runme.log
# wait_on_run synth_1
[Sun Apr  7 12:35:01 2019] Waiting for synth_1 to finish...

*** Running vivado
    with args -log ldpcenc_fixpt.vds -m64 -product Vivado -mode batch -messageDb vivado.pb -notrace -source ldpcenc_fixpt.tcl


****** Vivado v2017.4 (64-bit)
  **** SW Build 2086221 on Fri Dec 15 20:54:30 MST 2017
  **** IP Build 2085800 on Fri Dec 15 22:25:07 MST 2017
    ** Copyright 1986-2017 Xilinx, Inc. All Rights Reserved.

source ldpcenc_fixpt.tcl -notrace
Command: synth_design -top ldpcenc_fixpt -part xc7a200tlfbg676-2L
Starting synth_design
Attempting to get a license for feature 'Synthesis' and/or device 'xc7a200tl'
INFO: [Common 17-349] Got license for feature 'Synthesis' and/or device 'xc7a200tl'
INFO: Launching helper process for spawning children vivado processes
INFO: Helper process launched with PID 2542 
---------------------------------------------------------------------------------
Starting Synthesize : Time (s): cpu = 00:00:06 ; elapsed = 00:00:06 . Memory (MB): peak = 1209.992 ; gain = 65.000 ; free physical = 7137 ; free virtual = 11188
---------------------------------------------------------------------------------
INFO: [Synth 8-638] synthesizing module 'ldpcenc_fixpt' [/home/sky/Documents/MATLAB/Low_density_parity_code/codegen/ldpcenc/hdlsrc/ldpcenc_fixpt.vhd:37]
INFO: [Synth 8-256] done synthesizing module 'ldpcenc_fixpt' (1#1) [/home/sky/Documents/MATLAB/Low_density_parity_code/codegen/ldpcenc/hdlsrc/ldpcenc_fixpt.vhd:37]
---------------------------------------------------------------------------------
Finished Synthesize : Time (s): cpu = 00:00:06 ; elapsed = 00:00:07 . Memory (MB): peak = 1251.523 ; gain = 106.531 ; free physical = 7149 ; free virtual = 11201
---------------------------------------------------------------------------------
---------------------------------------------------------------------------------
Finished Constraint Validation : Time (s): cpu = 00:00:06 ; elapsed = 00:00:07 . Memory (MB): peak = 1251.523 ; gain = 106.531 ; free physical = 7149 ; free virtual = 11201
---------------------------------------------------------------------------------
---------------------------------------------------------------------------------
Start Loading Part and Timing Information
---------------------------------------------------------------------------------
Loading part: xc7a200tlfbg676-2L
---------------------------------------------------------------------------------
Finished Loading Part and Timing Information : Time (s): cpu = 00:00:06 ; elapsed = 00:00:07 . Memory (MB): peak = 1259.527 ; gain = 114.535 ; free physical = 7149 ; free virtual = 11201
---------------------------------------------------------------------------------
INFO: [Device 21-403] Loading part xc7a200tlfbg676-2L
---------------------------------------------------------------------------------
Finished RTL Optimization Phase 2 : Time (s): cpu = 00:00:06 ; elapsed = 00:00:07 . Memory (MB): peak = 1267.535 ; gain = 122.543 ; free physical = 7141 ; free virtual = 11193
---------------------------------------------------------------------------------

Report RTL Partitions: 
+-+--------------+------------+----------+
| |RTL Partition |Replication |Instances |
+-+--------------+------------+----------+
+-+--------------+------------+----------+
No constraint files found.
---------------------------------------------------------------------------------
Start RTL Component Statistics 
---------------------------------------------------------------------------------
Detailed RTL Component Info : 
+---Adders : 
	   3 Input      2 Bit       Adders := 3     
---------------------------------------------------------------------------------
Finished RTL Component Statistics 
---------------------------------------------------------------------------------
---------------------------------------------------------------------------------
Start RTL Hierarchical Component Statistics 
---------------------------------------------------------------------------------
Hierarchical RTL Component report 
Module ldpcenc_fixpt 
Detailed RTL Component Info : 
+---Adders : 
	   3 Input      2 Bit       Adders := 3     
---------------------------------------------------------------------------------
Finished RTL Hierarchical Component Statistics
---------------------------------------------------------------------------------
---------------------------------------------------------------------------------
Start Part Resource Summary
---------------------------------------------------------------------------------
Part Resources:
DSPs: 740 (col length:100)
BRAMs: 730 (col length: RAMB18 100 RAMB36 50)
---------------------------------------------------------------------------------
Finished Part Resource Summary
---------------------------------------------------------------------------------
No constraint files found.
---------------------------------------------------------------------------------
Start Cross Boundary and Area Optimization
---------------------------------------------------------------------------------
---------------------------------------------------------------------------------
Finished Cross Boundary and Area Optimization : Time (s): cpu = 00:00:11 ; elapsed = 00:00:18 . Memory (MB): peak = 1424.926 ; gain = 279.934 ; free physical = 6924 ; free virtual = 10998
---------------------------------------------------------------------------------

Report RTL Partitions: 
+-+--------------+------------+----------+
| |RTL Partition |Replication |Instances |
+-+--------------+------------+----------+
+-+--------------+------------+----------+
No constraint files found.
---------------------------------------------------------------------------------
Start Timing Optimization
---------------------------------------------------------------------------------
---------------------------------------------------------------------------------
Finished Timing Optimization : Time (s): cpu = 00:00:11 ; elapsed = 00:00:18 . Memory (MB): peak = 1424.926 ; gain = 279.934 ; free physical = 6924 ; free virtual = 10998
---------------------------------------------------------------------------------

Report RTL Partitions: 
+-+--------------+------------+----------+
| |RTL Partition |Replication |Instances |
+-+--------------+------------+----------+
+-+--------------+------------+----------+
---------------------------------------------------------------------------------
Start Technology Mapping
---------------------------------------------------------------------------------
---------------------------------------------------------------------------------
Finished Technology Mapping : Time (s): cpu = 00:00:11 ; elapsed = 00:00:18 . Memory (MB): peak = 1424.926 ; gain = 279.934 ; free physical = 6923 ; free virtual = 10996
---------------------------------------------------------------------------------

Report RTL Partitions: 
+-+--------------+------------+----------+
| |RTL Partition |Replication |Instances |
+-+--------------+------------+----------+
+-+--------------+------------+----------+
---------------------------------------------------------------------------------
Start IO Insertion
---------------------------------------------------------------------------------
---------------------------------------------------------------------------------
Start Flattening Before IO Insertion
---------------------------------------------------------------------------------
---------------------------------------------------------------------------------
Finished Flattening Before IO Insertion
---------------------------------------------------------------------------------
---------------------------------------------------------------------------------
Start Final Netlist Cleanup
---------------------------------------------------------------------------------
---------------------------------------------------------------------------------
Finished Final Netlist Cleanup
---------------------------------------------------------------------------------
---------------------------------------------------------------------------------
Finished IO Insertion : Time (s): cpu = 00:00:11 ; elapsed = 00:00:18 . Memory (MB): peak = 1424.926 ; gain = 279.934 ; free physical = 6922 ; free virtual = 10996
---------------------------------------------------------------------------------

Report Check Netlist: 
+------+------------------+-------+---------+-------+------------------+
|      |Item              |Errors |Warnings |Status |Description       |
+------+------------------+-------+---------+-------+------------------+
|1     |multi_driven_nets |      0|        0|Passed |Multi driven nets |
+------+------------------+-------+---------+-------+------------------+
---------------------------------------------------------------------------------
Start Renaming Generated Instances
---------------------------------------------------------------------------------
---------------------------------------------------------------------------------
Finished Renaming Generated Instances : Time (s): cpu = 00:00:11 ; elapsed = 00:00:18 . Memory (MB): peak = 1424.926 ; gain = 279.934 ; free physical = 6922 ; free virtual = 10996
---------------------------------------------------------------------------------

Report RTL Partitions: 
+-+--------------+------------+----------+
| |RTL Partition |Replication |Instances |
+-+--------------+------------+----------+
+-+--------------+------------+----------+
---------------------------------------------------------------------------------
Start Rebuilding User Hierarchy
---------------------------------------------------------------------------------
---------------------------------------------------------------------------------
Finished Rebuilding User Hierarchy : Time (s): cpu = 00:00:11 ; elapsed = 00:00:18 . Memory (MB): peak = 1424.926 ; gain = 279.934 ; free physical = 6922 ; free virtual = 10996
---------------------------------------------------------------------------------
---------------------------------------------------------------------------------
Start Renaming Generated Ports
---------------------------------------------------------------------------------
---------------------------------------------------------------------------------
Finished Renaming Generated Ports : Time (s): cpu = 00:00:11 ; elapsed = 00:00:18 . Memory (MB): peak = 1424.926 ; gain = 279.934 ; free physical = 6922 ; free virtual = 10996
---------------------------------------------------------------------------------
---------------------------------------------------------------------------------
Start Handling Custom Attributes
---------------------------------------------------------------------------------
---------------------------------------------------------------------------------
Finished Handling Custom Attributes : Time (s): cpu = 00:00:11 ; elapsed = 00:00:18 . Memory (MB): peak = 1424.926 ; gain = 279.934 ; free physical = 6922 ; free virtual = 10996
---------------------------------------------------------------------------------
---------------------------------------------------------------------------------
Start Renaming Generated Nets
---------------------------------------------------------------------------------
---------------------------------------------------------------------------------
Finished Renaming Generated Nets : Time (s): cpu = 00:00:11 ; elapsed = 00:00:18 . Memory (MB): peak = 1424.926 ; gain = 279.934 ; free physical = 6922 ; free virtual = 10996
---------------------------------------------------------------------------------
---------------------------------------------------------------------------------
Start Writing Synthesis Report
---------------------------------------------------------------------------------

Report BlackBoxes: 
+-+--------------+----------+
| |BlackBox name |Instances |
+-+--------------+----------+
+-+--------------+----------+

Report Cell Usage: 
+------+-----+------+
|      |Cell |Count |
+------+-----+------+
|1     |LUT3 |     3|
|2     |IBUF |     4|
|3     |OBUF |     7|
+------+-----+------+

Report Instance Areas: 
+------+---------+-------+------+
|      |Instance |Module |Cells |
+------+---------+-------+------+
|1     |top      |       |    14|
+------+---------+-------+------+
---------------------------------------------------------------------------------
Finished Writing Synthesis Report : Time (s): cpu = 00:00:11 ; elapsed = 00:00:18 . Memory (MB): peak = 1424.926 ; gain = 279.934 ; free physical = 6922 ; free virtual = 10996
---------------------------------------------------------------------------------
Synthesis finished with 0 errors, 0 critical warnings and 0 warnings.
Synthesis Optimization Runtime : Time (s): cpu = 00:00:11 ; elapsed = 00:00:18 . Memory (MB): peak = 1424.926 ; gain = 279.934 ; free physical = 6924 ; free virtual = 10998
Synthesis Optimization Complete : Time (s): cpu = 00:00:11 ; elapsed = 00:00:18 . Memory (MB): peak = 1424.934 ; gain = 279.934 ; free physical = 6924 ; free virtual = 10998
INFO: [Project 1-571] Translating synthesized netlist
INFO: [Netlist 29-17] Analyzing 4 Unisim elements for replacement
INFO: [Netlist 29-28] Unisim Transformation completed in 0 CPU seconds
INFO: [Project 1-570] Preparing netlist for logic optimization
INFO: [Opt 31-138] Pushed 0 inverter(s) to 0 load pin(s).
INFO: [Project 1-111] Unisim Transformation Summary:
No Unisim elements were transformed.

INFO: [Common 17-83] Releasing license: Synthesis
11 Infos, 0 Warnings, 0 Critical Warnings and 0 Errors encountered.
synth_design completed successfully
synth_design: Time (s): cpu = 00:00:13 ; elapsed = 00:00:20 . Memory (MB): peak = 1563.977 ; gain = 432.355 ; free physical = 6878 ; free virtual = 10966
INFO: [Common 17-1381] The checkpoint '/home/sky/Documents/MATLAB/Low_density_parity_code/codegen/ldpcenc/hdlsrc/vivado_prj/ldpcenc_fixpt_vivado.runs/synth_1/ldpcenc_fixpt.dcp' has been generated.
INFO: [runtcl-4] Executing : report_utilization -file ldpcenc_fixpt_utilization_synth.rpt -pb ldpcenc_fixpt_utilization_synth.pb
report_utilization: Time (s): cpu = 00:00:00.08 ; elapsed = 00:00:00.08 . Memory (MB): peak = 1587.988 ; gain = 0.000 ; free physical = 6879 ; free virtual = 10966
INFO: [Common 17-206] Exiting Vivado at Sun Apr  7 12:35:28 2019...
[Sun Apr  7 12:35:28 2019] synth_1 finished
wait_on_run: Time (s): cpu = 00:00:21 ; elapsed = 00:00:27 . Memory (MB): peak = 1144.988 ; gain = 0.000 ; free physical = 7355 ; free virtual = 11442
# puts "### Synthesis Complete."
### Synthesis Complete.
# puts "### Close $myTool project."
### Close Xilinx Vivado 2017.4 project.
# close_project
INFO: [Common 17-206] Exiting Vivado at Sun Apr  7 12:35:28 2019...
