Copyright 1986-2017 Xilinx, Inc. All Rights Reserved.
------------------------------------------------------------------------------------------------------------------------------------------------------------------------------
| Tool Version : Vivado v.2017.4 (lin64) Build 2086221 Fri Dec 15 20:54:30 MST 2017
| Date         : Sat Apr 20 17:55:05 2019
| Host         : Dbrick running 64-bit Antergos Linux
| Command      : report_timing_summary -delay_type min_max -report_unconstrained -check_timing_verbose -max_paths 3 -nworst 3 -name timing_post_map -file timing_post_map.rpt
| Design       : bf_fixpt
| Device       : 7a200tl-fbg676
| Speed File   : -2L  PRODUCTION 1.13 2017-07-26
------------------------------------------------------------------------------------------------------------------------------------------------------------------------------

Timing Summary Report

------------------------------------------------------------------------------------------------
| Timer Settings
| --------------
------------------------------------------------------------------------------------------------

  Enable Multi Corner Analysis               :  Yes
  Enable Pessimism Removal                   :  Yes
  Pessimism Removal Resolution               :  Nearest Common Node
  Enable Input Delay Default Clock           :  No
  Enable Preset / Clear Arcs                 :  No
  Disable Flight Delays                      :  No
  Ignore I/O Paths                           :  No
  Timing Early Launch at Borrowing Latches   :  false

  Corner  Analyze    Analyze    
  Name    Max Paths  Min Paths  
  ------  ---------  ---------  
  Slow    Yes        Yes        
  Fast    Yes        Yes        



check_timing report

Table of Contents
-----------------
1. checking no_clock
2. checking constant_clock
3. checking pulse_width_clock
4. checking unconstrained_internal_endpoints
5. checking no_input_delay
6. checking no_output_delay
7. checking multiple_clock
8. checking generated_clocks
9. checking loops
10. checking partial_input_delay
11. checking partial_output_delay
12. checking latch_loops

1. checking no_clock
--------------------
 There are 0 register/latch pins with no clock.


2. checking constant_clock
--------------------------
 There are 0 register/latch pins with constant_clock.


3. checking pulse_width_clock
-----------------------------
 There are 0 register/latch pins which need pulse_width check


4. checking unconstrained_internal_endpoints
--------------------------------------------
 There are 0 pins that are not constrained for maximum delay.

 There are 0 pins that are not constrained for maximum delay due to constant clock.


5. checking no_input_delay
--------------------------
 There are 0 input ports with no input delay specified.

 There are 0 input ports with no input delay but user has a false path constraint.


6. checking no_output_delay
---------------------------
 There are 0 ports with no output delay specified.

 There are 0 ports with no output delay but user has a false path constraint

 There are 0 ports with no output delay but with a timing clock defined on it or propagating through it


7. checking multiple_clock
--------------------------
 There are 0 register/latch pins with multiple clocks.


8. checking generated_clocks
----------------------------
 There are 0 generated clocks that are not connected to a clock source.


9. checking loops
-----------------
 There are 0 combinational loops in the design.


10. checking partial_input_delay
--------------------------------
 There are 0 input ports with partial input delay specified.


11. checking partial_output_delay
---------------------------------
 There are 0 ports with partial output delay specified.


12. checking latch_loops
------------------------
 There are 0 combinational latch loops in the design through latch input



------------------------------------------------------------------------------------------------
| Design Timing Summary
| ---------------------
------------------------------------------------------------------------------------------------

    WNS(ns)      TNS(ns)  TNS Failing Endpoints  TNS Total Endpoints      WHS(ns)      THS(ns)  THS Failing Endpoints  THS Total Endpoints     WPWS(ns)     TPWS(ns)  TPWS Failing Endpoints  TPWS Total Endpoints  
    -------      -------  ---------------------  -------------------      -------      -------  ---------------------  -------------------     --------     --------  ----------------------  --------------------  
        inf        0.000                      0                    7          inf        0.000                      0                    7           NA           NA                      NA                    NA  


There are no user specified timing constraints.


------------------------------------------------------------------------------------------------
| Clock Summary
| -------------
------------------------------------------------------------------------------------------------


------------------------------------------------------------------------------------------------
| Intra Clock Table
| -----------------
------------------------------------------------------------------------------------------------

Clock             WNS(ns)      TNS(ns)  TNS Failing Endpoints  TNS Total Endpoints      WHS(ns)      THS(ns)  THS Failing Endpoints  THS Total Endpoints     WPWS(ns)     TPWS(ns)  TPWS Failing Endpoints  TPWS Total Endpoints  
-----             -------      -------  ---------------------  -------------------      -------      -------  ---------------------  -------------------     --------     --------  ----------------------  --------------------  


------------------------------------------------------------------------------------------------
| Inter Clock Table
| -----------------
------------------------------------------------------------------------------------------------

From Clock    To Clock          WNS(ns)      TNS(ns)  TNS Failing Endpoints  TNS Total Endpoints      WHS(ns)      THS(ns)  THS Failing Endpoints  THS Total Endpoints  
----------    --------          -------      -------  ---------------------  -------------------      -------      -------  ---------------------  -------------------  


------------------------------------------------------------------------------------------------
| Other Path Groups Table
| -----------------------
------------------------------------------------------------------------------------------------

Path Group    From Clock    To Clock          WNS(ns)      TNS(ns)  TNS Failing Endpoints  TNS Total Endpoints      WHS(ns)      THS(ns)  THS Failing Endpoints  THS Total Endpoints  
----------    ----------    --------          -------      -------  ---------------------  -------------------      -------      -------  ---------------------  -------------------  


------------------------------------------------------------------------------------------------
| User Ignored Path Table
| -----------------------
------------------------------------------------------------------------------------------------

Path Group    From Clock    To Clock    
----------    ----------    --------    


------------------------------------------------------------------------------------------------
| Unconstrained Path Table
| ------------------------
------------------------------------------------------------------------------------------------

Path Group    From Clock    To Clock    
----------    ----------    --------    
(none)                                    


------------------------------------------------------------------------------------------------
| Timing Details
| --------------
------------------------------------------------------------------------------------------------


--------------------------------------------------------------------------------------
Path Group:  (none)
From Clock:  
  To Clock:  

Max Delay             7 Endpoints
Min Delay             7 Endpoints
--------------------------------------------------------------------------------------


Max Delay Paths
--------------------------------------------------------------------------------------
Slack:                    inf
  Source:                 r[0]
                            (input port)
  Destination:            out_rsvd[0]
                            (output port)
  Path Group:             (none)
  Path Type:              Max at Slow Process Corner
  Data Path Delay:        4.652ns  (logic 3.844ns (82.620%)  route 0.809ns (17.380%))
  Logic Levels:           2  (IBUF=1 OBUF=1)

    Location             Delay type                Incr(ns)  Path(ns)    Netlist Resource(s)
  -------------------------------------------------------------------    -------------------
                                                      0.000     0.000 r  r[0] (IN)
                         net (fo=0)                   0.000     0.000    r[0]
                         IBUF (Prop_ibuf_I_O)         1.001     1.001 r  r_IBUF[0]_inst/O
                         net (fo=1, unplaced)         0.809     1.810    out_rsvd_OBUF[0]
                         OBUF (Prop_obuf_I_O)         2.843     4.652 r  out_rsvd_OBUF[0]_inst/O
                         net (fo=0)                   0.000     4.652    out_rsvd[0]
                                                                      r  out_rsvd[0] (OUT)
  -------------------------------------------------------------------    -------------------

Slack:                    inf
  Source:                 r[0]
                            (input port)
  Destination:            out_rsvd[0]
                            (output port)
  Path Group:             (none)
  Path Type:              Max at Slow Process Corner
  Data Path Delay:        4.652ns  (logic 3.844ns (82.620%)  route 0.809ns (17.380%))
  Logic Levels:           2  (IBUF=1 OBUF=1)

    Location             Delay type                Incr(ns)  Path(ns)    Netlist Resource(s)
  -------------------------------------------------------------------    -------------------
                                                      0.000     0.000 f  r[0] (IN)
                         net (fo=0)                   0.000     0.000    r[0]
                         IBUF (Prop_ibuf_I_O)         1.001     1.001 f  r_IBUF[0]_inst/O
                         net (fo=1, unplaced)         0.809     1.810    out_rsvd_OBUF[0]
                         OBUF (Prop_obuf_I_O)         2.843     4.652 f  out_rsvd_OBUF[0]_inst/O
                         net (fo=0)                   0.000     4.652    out_rsvd[0]
                                                                      f  out_rsvd[0] (OUT)
  -------------------------------------------------------------------    -------------------

Slack:                    inf
  Source:                 r[1]
                            (input port)
  Destination:            out_rsvd[1]
                            (output port)
  Path Group:             (none)
  Path Type:              Max at Slow Process Corner
  Data Path Delay:        4.652ns  (logic 3.844ns (82.620%)  route 0.809ns (17.380%))
  Logic Levels:           2  (IBUF=1 OBUF=1)

    Location             Delay type                Incr(ns)  Path(ns)    Netlist Resource(s)
  -------------------------------------------------------------------    -------------------
                                                      0.000     0.000 r  r[1] (IN)
                         net (fo=0)                   0.000     0.000    r[1]
                         IBUF (Prop_ibuf_I_O)         1.001     1.001 r  r_IBUF[1]_inst/O
                         net (fo=1, unplaced)         0.809     1.810    out_rsvd_OBUF[1]
                         OBUF (Prop_obuf_I_O)         2.843     4.652 r  out_rsvd_OBUF[1]_inst/O
                         net (fo=0)                   0.000     4.652    out_rsvd[1]
                                                                      r  out_rsvd[1] (OUT)
  -------------------------------------------------------------------    -------------------





Min Delay Paths
--------------------------------------------------------------------------------------
Slack:                    inf
  Source:                 r[0]
                            (input port)
  Destination:            out_rsvd[0]
                            (output port)
  Path Group:             (none)
  Path Type:              Min at Fast Process Corner
  Data Path Delay:        2.055ns  (logic 1.654ns (80.485%)  route 0.401ns (19.515%))
  Logic Levels:           2  (IBUF=1 OBUF=1)

    Location             Delay type                Incr(ns)  Path(ns)    Netlist Resource(s)
  -------------------------------------------------------------------    -------------------
                                                      0.000     0.000 r  r[0] (IN)
                         net (fo=0)                   0.000     0.000    r[0]
                         IBUF (Prop_ibuf_I_O)         0.412     0.412 r  r_IBUF[0]_inst/O
                         net (fo=1, unplaced)         0.401     0.813    out_rsvd_OBUF[0]
                         OBUF (Prop_obuf_I_O)         1.242     2.055 r  out_rsvd_OBUF[0]_inst/O
                         net (fo=0)                   0.000     2.055    out_rsvd[0]
                                                                      r  out_rsvd[0] (OUT)
  -------------------------------------------------------------------    -------------------

Slack:                    inf
  Source:                 r[0]
                            (input port)
  Destination:            out_rsvd[0]
                            (output port)
  Path Group:             (none)
  Path Type:              Min at Fast Process Corner
  Data Path Delay:        2.055ns  (logic 1.654ns (80.485%)  route 0.401ns (19.515%))
  Logic Levels:           2  (IBUF=1 OBUF=1)

    Location             Delay type                Incr(ns)  Path(ns)    Netlist Resource(s)
  -------------------------------------------------------------------    -------------------
                                                      0.000     0.000 f  r[0] (IN)
                         net (fo=0)                   0.000     0.000    r[0]
                         IBUF (Prop_ibuf_I_O)         0.412     0.412 f  r_IBUF[0]_inst/O
                         net (fo=1, unplaced)         0.401     0.813    out_rsvd_OBUF[0]
                         OBUF (Prop_obuf_I_O)         1.242     2.055 f  out_rsvd_OBUF[0]_inst/O
                         net (fo=0)                   0.000     2.055    out_rsvd[0]
                                                                      f  out_rsvd[0] (OUT)
  -------------------------------------------------------------------    -------------------

Slack:                    inf
  Source:                 r[1]
                            (input port)
  Destination:            out_rsvd[1]
                            (output port)
  Path Group:             (none)
  Path Type:              Min at Fast Process Corner
  Data Path Delay:        2.055ns  (logic 1.654ns (80.485%)  route 0.401ns (19.515%))
  Logic Levels:           2  (IBUF=1 OBUF=1)

    Location             Delay type                Incr(ns)  Path(ns)    Netlist Resource(s)
  -------------------------------------------------------------------    -------------------
                                                      0.000     0.000 r  r[1] (IN)
                         net (fo=0)                   0.000     0.000    r[1]
                         IBUF (Prop_ibuf_I_O)         0.412     0.412 r  r_IBUF[1]_inst/O
                         net (fo=1, unplaced)         0.401     0.813    out_rsvd_OBUF[1]
                         OBUF (Prop_obuf_I_O)         1.242     2.055 r  out_rsvd_OBUF[1]_inst/O
                         net (fo=0)                   0.000     2.055    out_rsvd[1]
                                                                      r  out_rsvd[1] (OUT)
  -------------------------------------------------------------------    -------------------





